# JRE version: OpenJDK Runtime Environment (17.0+35) (build 17+35-2724)
# Java VM: OpenJDK 64-Bit Server VM (17+35-2724, mixed mode, emulated-client, sharing, tiered, compressed oops, compressed class ptrs, g1 gc, windows-amd64)
GC Precious Log:
 CPUs: 4 total, 4 available
 Memory: 8066M
 Large Page Support: Disabled
 NUMA Support: Disabled
 Compressed Oops: Enabled (32-bit)
 Heap Region Size: 1M
 Heap Min Capacity: 8M
 Heap Initial Capacity: 128M
 Heap Max Capacity: 2018M
 Pre-touch: Disabled
 Parallel Workers: 4
 Concurrent Workers: 1
 Concurrent Refinement Workers: 4
 Periodic GC: Disabled
Heap:
 garbage-first heap   total 131072K, used 28730K [0x0000000081e00000, 0x0000000100000000)
  region size 1024K, 24 young (24576K), 2 survivors (2048K)
 Metaspace       used 7025K, committed 7104K, reserved 1056768K
  class space    used 867K, committed 896K, reserved 1048576K
GC Heap History (6 events):
Event: 7.017 GC heap before
{Heap before GC invocations=0 (full 0):
 garbage-first heap   total 131072K, used 13312K [0x0000000081e00000, 0x0000000100000000)
  region size 1024K, 13 young (13312K), 0 survivors (0K)
 Metaspace       used 4548K, committed 4736K, reserved 1056768K
  class space    used 555K, committed 640K, reserved 1048576K
}
Event: 7.022 GC heap after
{Heap after GC invocations=1 (full 0):
 garbage-first heap   total 131072K, used 6713K [0x0000000081e00000, 0x0000000100000000)
  region size 1024K, 2 young (2048K), 2 survivors (2048K)
 Metaspace       used 4548K, committed 4736K, reserved 1056768K
  class space    used 555K, committed 640K, reserved 1048576K
}
Event: 7.876 GC heap before
{Heap before GC invocations=1 (full 0):
 garbage-first heap   total 131072K, used 13881K [0x0000000081e00000, 0x0000000100000000)
  region size 1024K, 9 young (9216K), 2 survivors (2048K)
 Metaspace       used 6226K, committed 6400K, reserved 1056768K
  class space    used 760K, committed 832K, reserved 1048576K
}
Event: 7.880 GC heap after
{Heap after GC invocations=2 (full 0):
 garbage-first heap   total 131072K, used 7903K [0x0000000081e00000, 0x0000000100000000)
  region size 1024K, 2 young (2048K), 2 survivors (2048K)
 Metaspace       used 6226K, committed 6400K, reserved 1056768K
  class space    used 760K, committed 832K, reserved 1048576K
}
Event: 8.097 GC heap before
{Heap before GC invocations=2 (full 0):
 garbage-first heap   total 131072K, used 30431K [0x0000000081e00000, 0x0000000100000000)
  region size 1024K, 25 young (25600K), 2 survivors (2048K)
 Metaspace       used 6935K, committed 7040K, reserved 1056768K
  class space    used 853K, committed 896K, reserved 1048576K
}
Event: 8.100 GC heap after
{Heap after GC invocations=3 (full 0):
 garbage-first heap   total 131072K, used 8250K [0x0000000081e00000, 0x0000000100000000)
  region size 1024K, 2 young (2048K), 2 survivors (2048K)
 Metaspace       used 6935K, committed 7040K, reserved 1056768K
  class space    used 853K, committed 896K, reserved 1048576K
}

